2024-04-02 00:20:54,377 - root - INFO - User logged in: Manu1
2024-04-02 00:21:19,051 - root - INFO - User history retrieved successfully
2024-04-02 00:32:20,961 - root - INFO - Drug replacements retrieved successfully
2024-04-02 00:33:06,286 - root - INFO - Drug replacements retrieved successfully
2024-04-02 00:34:19,251 - root - INFO - Item added to favorites successfully
2024-04-02 00:34:48,095 - root - INFO - User favorites retrieved successfully
2024-04-02 00:37:24,695 - root - INFO - Accessed the root endpoint
2024-04-02 03:30:54,798 - root - INFO - Drug replacements retrieved successfully
2024-04-02 03:31:29,548 - root - INFO - Drug replacements retrieved successfully
2024-04-02 03:31:32,661 - root - INFO - Drug replacements retrieved successfully
2024-04-02 03:35:27,429 - root - INFO - Drug replacements retrieved successfully
2024-04-02 03:39:19,989 - root - INFO - Drug replacements retrieved successfully
2024-04-02 03:47:38,872 - root - INFO - Drug replacements retrieved successfully
2024-04-02 03:50:09,648 - root - INFO - Drug replacements retrieved successfully
2024-04-02 03:50:13,674 - root - INFO - Drug replacements retrieved successfully
2024-04-02 03:57:51,914 - root - INFO - Drug replacements retrieved successfully
2024-04-02 04:00:43,838 - root - INFO - Drug replacements retrieved successfully
2024-04-02 04:00:47,032 - root - INFO - Drug replacements retrieved successfully
2024-04-02 04:00:48,730 - root - INFO - Drug replacements retrieved successfully
2024-04-02 04:00:52,056 - root - INFO - Drug replacements retrieved successfully
2024-04-02 04:00:52,671 - root - INFO - Drug replacements retrieved successfully
2024-04-02 04:03:25,948 - root - INFO - Drug replacements retrieved successfully
2024-04-02 04:03:36,649 - root - INFO - Drug replacements retrieved successfully
2024-04-02 04:49:16,493 - root - ERROR - Error retrieving drug replacements: server closed the connection unexpectedly
	This probably means the server terminated abnormally
	before or while processing the request.
server closed the connection unexpectedly
	This probably means the server terminated abnormally
	before or while processing the request.

2024-04-02 04:51:54,424 - root - ERROR - Error retrieving drug replacements: connection already closed
2024-04-02 04:52:30,944 - root - ERROR - Error retrieving drug replacements: connection already closed
2024-04-02 04:55:00,067 - root - ERROR - Error retrieving drug replacements: connection already closed
2024-04-02 04:55:18,831 - root - ERROR - Error retrieving drug replacements: connection already closed
2024-04-02 04:56:51,734 - root - ERROR - Error retrieving drug replacements: connection already closed
2024-04-02 04:57:10,167 - root - ERROR - Error retrieving drug replacements: connection already closed
2024-04-02 04:57:22,094 - root - ERROR - Error retrieving drug replacements: connection already closed
2024-04-02 04:57:23,458 - root - ERROR - Error retrieving drug replacements: connection already closed
2024-04-02 04:57:31,175 - root - ERROR - Error retrieving drug replacements: connection already closed
